<?xml version="1.0" encoding="UTF-8" ?>
<testsuite tests="43" failures="0" name="br.ce.wcaquino.runners.RunnerTest" time="0.684" errors="0" skipped="0">
  <properties>
    <property name="java.runtime.name" value="Java(TM) SE Runtime Environment"/>
    <property name="sun.boot.library.path" value="/opt/Packages/jdk1.8.0_181/jre/lib/amd64"/>
    <property name="java.vm.version" value="25.181-b13"/>
    <property name="user.country.format" value="BR"/>
    <property name="java.vm.vendor" value="Oracle Corporation"/>
    <property name="java.vendor.url" value="http://java.oracle.com/"/>
    <property name="path.separator" value=":"/>
    <property name="java.vm.name" value="Java HotSpot(TM) 64-Bit Server VM"/>
    <property name="file.encoding.pkg" value="sun.io"/>
    <property name="user.country" value="US"/>
    <property name="sun.java.launcher" value="SUN_STANDARD"/>
    <property name="sun.os.patch.level" value="unknown"/>
    <property name="java.vm.specification.name" value="Java Virtual Machine Specification"/>
    <property name="user.dir" value="/home/gustavo/eclipse-workspace/CursoCucumber"/>
    <property name="java.runtime.version" value="1.8.0_181-b13"/>
    <property name="java.awt.graphicsenv" value="sun.awt.X11GraphicsEnvironment"/>
    <property name="basedir" value="/home/gustavo/eclipse-workspace/CursoCucumber"/>
    <property name="java.endorsed.dirs" value="/opt/Packages/jdk1.8.0_181/jre/lib/endorsed"/>
    <property name="os.arch" value="amd64"/>
    <property name="surefire.real.class.path" value="/home/gustavo/eclipse-workspace/CursoCucumber/target/surefire/surefirebooter2518698737991710893.jar"/>
    <property name="java.io.tmpdir" value="/tmp"/>
    <property name="line.separator" value="
"/>
    <property name="java.vm.specification.vendor" value="Oracle Corporation"/>
    <property name="os.name" value="Linux"/>
    <property name="sun.jnu.encoding" value="UTF-8"/>
    <property name="java.library.path" value="/usr/java/packages/lib/amd64:/usr/lib64:/lib64:/lib:/usr/lib"/>
    <property name="surefire.test.class.path" value="/home/gustavo/eclipse-workspace/CursoCucumber/target/test-classes:/home/gustavo/eclipse-workspace/CursoCucumber/target/classes:/home/gustavo/.m2/repository/info/cukes/cucumber-java/1.2.5/cucumber-java-1.2.5.jar:/home/gustavo/.m2/repository/info/cukes/cucumber-core/1.2.5/cucumber-core-1.2.5.jar:/home/gustavo/.m2/repository/info/cukes/cucumber-html/0.2.3/cucumber-html-0.2.3.jar:/home/gustavo/.m2/repository/info/cukes/cucumber-jvm-deps/1.0.5/cucumber-jvm-deps-1.0.5.jar:/home/gustavo/.m2/repository/info/cukes/gherkin/2.12.2/gherkin-2.12.2.jar:/home/gustavo/.m2/repository/info/cukes/cucumber-junit/1.2.5/cucumber-junit-1.2.5.jar:/home/gustavo/.m2/repository/junit/junit/4.12/junit-4.12.jar:/home/gustavo/.m2/repository/org/hamcrest/hamcrest-core/1.3/hamcrest-core-1.3.jar:"/>
    <property name="java.specification.name" value="Java Platform API Specification"/>
    <property name="java.class.version" value="52.0"/>
    <property name="sun.management.compiler" value="HotSpot 64-Bit Tiered Compilers"/>
    <property name="os.version" value="4.15.0-70-generic"/>
    <property name="user.home" value="/home/gustavo"/>
    <property name="user.timezone" value="America/Sao_Paulo"/>
    <property name="java.awt.printerjob" value="sun.print.PSPrinterJob"/>
    <property name="java.specification.version" value="1.8"/>
    <property name="file.encoding" value="UTF-8"/>
    <property name="user.name" value="gustavo"/>
    <property name="java.class.path" value="/home/gustavo/eclipse-workspace/CursoCucumber/target/test-classes:/home/gustavo/eclipse-workspace/CursoCucumber/target/classes:/home/gustavo/.m2/repository/info/cukes/cucumber-java/1.2.5/cucumber-java-1.2.5.jar:/home/gustavo/.m2/repository/info/cukes/cucumber-core/1.2.5/cucumber-core-1.2.5.jar:/home/gustavo/.m2/repository/info/cukes/cucumber-html/0.2.3/cucumber-html-0.2.3.jar:/home/gustavo/.m2/repository/info/cukes/cucumber-jvm-deps/1.0.5/cucumber-jvm-deps-1.0.5.jar:/home/gustavo/.m2/repository/info/cukes/gherkin/2.12.2/gherkin-2.12.2.jar:/home/gustavo/.m2/repository/info/cukes/cucumber-junit/1.2.5/cucumber-junit-1.2.5.jar:/home/gustavo/.m2/repository/junit/junit/4.12/junit-4.12.jar:/home/gustavo/.m2/repository/org/hamcrest/hamcrest-core/1.3/hamcrest-core-1.3.jar:"/>
    <property name="java.vm.specification.version" value="1.8"/>
    <property name="sun.arch.data.model" value="64"/>
    <property name="java.home" value="/opt/Packages/jdk1.8.0_181/jre"/>
    <property name="sun.java.command" value="/home/gustavo/eclipse-workspace/CursoCucumber/target/surefire/surefirebooter2518698737991710893.jar /home/gustavo/eclipse-workspace/CursoCucumber/target/surefire/surefire6049383013051019351tmp /home/gustavo/eclipse-workspace/CursoCucumber/target/surefire/surefire4894696647221547033tmp"/>
    <property name="java.specification.vendor" value="Oracle Corporation"/>
    <property name="user.language" value="en"/>
    <property name="user.language.format" value="pt"/>
    <property name="awt.toolkit" value="sun.awt.X11.XToolkit"/>
    <property name="java.vm.info" value="mixed mode"/>
    <property name="java.version" value="1.8.0_181"/>
    <property name="java.ext.dirs" value="/opt/Packages/jdk1.8.0_181/jre/lib/ext:/usr/java/packages/lib/ext"/>
    <property name="sun.boot.class.path" value="/opt/Packages/jdk1.8.0_181/jre/lib/resources.jar:/opt/Packages/jdk1.8.0_181/jre/lib/rt.jar:/opt/Packages/jdk1.8.0_181/jre/lib/sunrsasign.jar:/opt/Packages/jdk1.8.0_181/jre/lib/jsse.jar:/opt/Packages/jdk1.8.0_181/jre/lib/jce.jar:/opt/Packages/jdk1.8.0_181/jre/lib/charsets.jar:/opt/Packages/jdk1.8.0_181/jre/lib/jfr.jar:/opt/Packages/jdk1.8.0_181/jre/classes"/>
    <property name="java.vendor" value="Oracle Corporation"/>
    <property name="localRepository" value="/home/gustavo/.m2/repository"/>
    <property name="file.separator" value="/"/>
    <property name="java.vendor.url.bug" value="http://bugreport.sun.com/bugreport/"/>
    <property name="sun.cpu.endian" value="little"/>
    <property name="sun.io.unicode.encoding" value="UnicodeLittle"/>
    <property name="sun.cpu.isalist" value=""/>
  </properties>
  <testcase classname="Cenário: Deve alugar um filme com sucesso" name="Dado um filme" time="0"/>
  <testcase classname="Cenário: Deve alugar um filme com sucesso" name="Quando alugar" time="0"/>
  <testcase classname="Cenário: Deve alugar um filme com sucesso" name="Então o preço do aluguel será R$ 3" time="0"/>
  <testcase classname="Cenário: Deve alugar um filme com sucesso" name="E a data de entrega será em 1 dia" time="0"/>
  <testcase classname="Cenário: Deve alugar um filme com sucesso" name="E o estoque do filme será 1 unidade" time="0"/>
  <testcase classname="Cenário: Deve alugar um filme com sucesso" name="Cenário: Deve alugar um filme com sucesso" time="0"/>
  <testcase classname="Cenário: Não deve alugar filme sem estoque" name="Dado um filme com estoque de 0 unidades" time="0"/>
  <testcase classname="Cenário: Não deve alugar filme sem estoque" name="Quando alugar" time="0"/>
  <testcase classname="Cenário: Não deve alugar filme sem estoque" name="Então não será possível por falta de estoque" time="0"/>
  <testcase classname="Cenário: Não deve alugar filme sem estoque" name="E o estoque do filme será 0 unidade" time="0"/>
  <testcase classname="Cenário: Não deve alugar filme sem estoque" name="Cenário: Não deve alugar filme sem estoque" time="0"/>
  <testcase classname="| 4 | extendido | 8 | 3 | 2 |" name="Dado um filme com estoque de 2 unidades" time="0"/>
  <testcase classname="| 4 | extendido | 8 | 3 | 2 |" name="E que o preco do aluguel seja R$ 4" time="0.001"/>
  <testcase classname="| 4 | extendido | 8 | 3 | 2 |" name="E que o tipo do aluguel seja extendido" time="0"/>
  <testcase classname="| 4 | extendido | 8 | 3 | 2 |" name="Quando alugar" time="0"/>
  <testcase classname="| 4 | extendido | 8 | 3 | 2 |" name="Então o preço do aluguel será R$ 8" time="0"/>
  <testcase classname="| 4 | extendido | 8 | 3 | 2 |" name="E a data de entrega será em 3 dias" time="0"/>
  <testcase classname="| 4 | extendido | 8 | 3 | 2 |" name="E a pontuação será de 2 pontos" time="0"/>
  <testcase classname="| 4 | extendido | 8 | 3 | 2 |" name="| 4 | extendido | 8 | 3 | 2 |" time="0.001"/>
  <testcase classname="| 4 | comum | 4 | 1 | 1 |" name="Dado um filme com estoque de 2 unidades" time="0"/>
  <testcase classname="| 4 | comum | 4 | 1 | 1 |" name="E que o preco do aluguel seja R$ 4" time="0"/>
  <testcase classname="| 4 | comum | 4 | 1 | 1 |" name="E que o tipo do aluguel seja comum" time="0"/>
  <testcase classname="| 4 | comum | 4 | 1 | 1 |" name="Quando alugar" time="0"/>
  <testcase classname="| 4 | comum | 4 | 1 | 1 |" name="Então o preço do aluguel será R$ 4" time="0"/>
  <testcase classname="| 4 | comum | 4 | 1 | 1 |" name="E a data de entrega será em 1 dias" time="0"/>
  <testcase classname="| 4 | comum | 4 | 1 | 1 |" name="E a pontuação será de 1 pontos" time="0"/>
  <testcase classname="| 4 | comum | 4 | 1 | 1 |" name="| 4 | comum | 4 | 1 | 1 |" time="0.001"/>
  <testcase classname="| 10 | extendido | 20 | 3 | 2 |" name="Dado um filme com estoque de 2 unidades" time="0"/>
  <testcase classname="| 10 | extendido | 20 | 3 | 2 |" name="E que o preco do aluguel seja R$ 10" time="0"/>
  <testcase classname="| 10 | extendido | 20 | 3 | 2 |" name="E que o tipo do aluguel seja extendido" time="0"/>
  <testcase classname="| 10 | extendido | 20 | 3 | 2 |" name="Quando alugar" time="0"/>
  <testcase classname="| 10 | extendido | 20 | 3 | 2 |" name="Então o preço do aluguel será R$ 20" time="0"/>
  <testcase classname="| 10 | extendido | 20 | 3 | 2 |" name="E a data de entrega será em 3 dias" time="0"/>
  <testcase classname="| 10 | extendido | 20 | 3 | 2 |" name="E a pontuação será de 2 pontos" time="0"/>
  <testcase classname="| 10 | extendido | 20 | 3 | 2 |" name="| 10 | extendido | 20 | 3 | 2 |" time="0.001"/>
  <testcase classname="| 5 | semanal | 15 | 7 | 3 |" name="Dado um filme com estoque de 2 unidades" time="0"/>
  <testcase classname="| 5 | semanal | 15 | 7 | 3 |" name="E que o preco do aluguel seja R$ 5" time="0"/>
  <testcase classname="| 5 | semanal | 15 | 7 | 3 |" name="E que o tipo do aluguel seja semanal" time="0"/>
  <testcase classname="| 5 | semanal | 15 | 7 | 3 |" name="Quando alugar" time="0"/>
  <testcase classname="| 5 | semanal | 15 | 7 | 3 |" name="Então o preço do aluguel será R$ 15" time="0"/>
  <testcase classname="| 5 | semanal | 15 | 7 | 3 |" name="E a data de entrega será em 7 dias" time="0"/>
  <testcase classname="| 5 | semanal | 15 | 7 | 3 |" name="E a pontuação será de 3 pontos" time="0"/>
  <testcase classname="| 5 | semanal | 15 | 7 | 3 |" name="| 5 | semanal | 15 | 7 | 3 |" time="0.001"/>
</testsuite>